warn: Microsoft.EntityFrameworkCore.Model.Validation[10625]
      The foreign key property 'CartItem.ProductId1' was created in shadow state because a conflicting property with the simple name 'ProductId' exists in the entity type, but is either not mapped, is already used for another relationship, or is incompatible with the associated primary key type. See https://aka.ms/efcore-relationships for information on mapping relationships in EF Core.
warn: Microsoft.EntityFrameworkCore.Model.Validation[10625]
      The foreign key property 'CartItem.UserId1' was created in shadow state because a conflicting property with the simple name 'UserId' exists in the entity type, but is either not mapped, is already used for another relationship, or is incompatible with the associated primary key type. See https://aka.ms/efcore-relationships for information on mapping relationships in EF Core.
warn: Microsoft.EntityFrameworkCore.Model.Validation[10625]
      The foreign key property 'OrderItem.OrderId1' was created in shadow state because a conflicting property with the simple name 'OrderId' exists in the entity type, but is either not mapped, is already used for another relationship, or is incompatible with the associated primary key type. See https://aka.ms/efcore-relationships for information on mapping relationships in EF Core.
warn: Microsoft.EntityFrameworkCore.Model.Validation[10625]
      The foreign key property 'ProductReview.UserId1' was created in shadow state because a conflicting property with the simple name 'UserId' exists in the entity type, but is either not mapped, is already used for another relationship, or is incompatible with the associated primary key type. See https://aka.ms/efcore-relationships for information on mapping relationships in EF Core.
warn: Microsoft.EntityFrameworkCore.Model.Validation[10625]
      The foreign key property 'Stocks.ProductVariantId1' was created in shadow state because a conflicting property with the simple name 'ProductVariantId' exists in the entity type, but is either not mapped, is already used for another relationship, or is incompatible with the associated primary key type. See https://aka.ms/efcore-relationships for information on mapping relationships in EF Core.
info: System.Net.Http.HttpClient.IMicroService.LogicalHandler[100]
      Start processing HTTP request GET http://localhost:7001/erp/stocks
info: System.Net.Http.HttpClient.IMicroService.ClientHandler[100]
      Sending HTTP request GET http://localhost:7001/erp/stocks
info: Microsoft.Hosting.Lifetime[14]
      Now listening on: http://127.0.0.1:5096
info: Microsoft.Hosting.Lifetime[0]
      Application started. Press Ctrl+C to shut down.
info: Microsoft.Hosting.Lifetime[0]
      Hosting environment: Development
info: Microsoft.Hosting.Lifetime[0]
      Content root path: /Users/dilarasara/e-ticaret/src/ECommerce.API
info: System.Net.Http.HttpClient.IMicroService.LogicalHandler[100]
      Start processing HTTP request GET http://localhost:7001/erp/stocks
info: System.Net.Http.HttpClient.IMicroService.ClientHandler[100]
      Sending HTTP request GET http://localhost:7001/erp/stocks
warn: Microsoft.AspNetCore.HttpsPolicy.HttpsRedirectionMiddleware[3]
      Failed to determine the https port for redirect.
info: System.Net.Http.HttpClient.IMicroService.LogicalHandler[100]
      Start processing HTTP request GET http://localhost:7001/erp/stocks
info: System.Net.Http.HttpClient.IMicroService.ClientHandler[100]
      Sending HTTP request GET http://localhost:7001/erp/stocks
Email confirm failed: Invalid token.
